<?xml version="1.0" encoding="UTF-8" ?>
<testsuite tests="8" failures="2" name="TestSuite" time="327.909" errors="0" skipped="0">
  <properties>
[...]
</properties>
  <testcase classname="com.mis.market.test.ItemSkuTest" name="itemSkuTest" time="26.701"/>
  <testcase classname="com.mis.market.test.ItemSaleTest" name="itemSaleTest" time="55.035"/>
  <testcase classname="com.mis.market.test.ItemExceptionTest" name="itemExceptionTest" time="111.608"/>
  <testcase classname="com.mis.market.test.ItemCategoryTest" name="itemCategoryTest" time="27.821"/>
  <testcase classname="com.mis.market.test.MisHomegalleryTest" name="misHomegalleryTest" time="27.065"/>
  <testcase classname="com.mis.market.test.MisHomecatTest" name="misHomecatTest" time="11.226">
    <failure message="expected:&lt;[保存成功!]&gt; but was:&lt;[品类[001024]重复]&gt;" type="org.junit.ComparisonFailure">org.junit.ComparisonFailure: expected:&lt;[保存成功!]&gt; but was:&lt;[品类[001024]重复]&gt;
	at org.junit.Assert.assertEquals(Assert.java:125)
	at org.junit.Assert.assertEquals(Assert.java:147)
	at com.mis.market.pages.MisHomecatPage.save_success(MisHomecatPage.java:74)
	at com.mis.market.test.MisHomecatTest.misHomecatTest(MisHomecatTest.java:52)
</failure>
  </testcase>
  <testcase classname="com.mis.market.test.MisHomeitemTest" name="misHomeitemTest" time="17.5"/>
  <testcase classname="com.mis.market.test.MisRecomcatTest" name="misRecomcatTest" time="16.738">
    <failure message="Error communicating with the remote browser. It may have died.
Build info: version: &apos;2.45.0&apos;, revision: &apos;5017cb8e7ca8e37638dc3091b2440b90a1d8686f&apos;, time: &apos;2015-02-27 09:10:26&apos;
System info: host: &apos;zhouxindeMacBook-Pro.local&apos;, ip: &apos;192.168.1.130&apos;, os.name: &apos;Mac OS X&apos;, os.arch: &apos;x86_64&apos;, os.version: &apos;10.10.5&apos;, java.version: &apos;1.8.0_40&apos;
Driver info: driver.version: RemoteWebDriver" type="org.openqa.selenium.remote.UnreachableBrowserException">org.openqa.selenium.remote.UnreachableBrowserException: Error communicating with the remote browser. It may have died.
Build info: version: &apos;2.45.0&apos;, revision: &apos;5017cb8e7ca8e37638dc3091b2440b90a1d8686f&apos;, time: &apos;2015-02-27 09:10:26&apos;
System info: host: &apos;zhouxindeMacBook-Pro.local&apos;, ip: &apos;192.168.1.130&apos;, os.name: &apos;Mac OS X&apos;, os.arch: &apos;x86_64&apos;, os.version: &apos;10.10.5&apos;, java.version: &apos;1.8.0_40&apos;
Driver info: driver.version: RemoteWebDriver
	at org.openqa.selenium.remote.RemoteWebDriver.execute(RemoteWebDriver.java:593)
	at org.openqa.selenium.remote.RemoteWebDriver.findElements(RemoteWebDriver.java:377)
	at org.openqa.selenium.remote.RemoteWebDriver.findElementsByLinkText(RemoteWebDriver.java:405)
	at org.openqa.selenium.By$ByLinkText.findElements(By.java:237)
	at org.openqa.selenium.remote.RemoteWebDriver.findElements(RemoteWebDriver.java:340)
	at com.mis.market.pages.MisRecomcatPage.checkDelete(MisRecomcatPage.java:110)
	at com.mis.market.test.MisRecomcatTest.misRecomcatTest(MisRecomcatTest.java:55)
Caused by: org.apache.http.NoHttpResponseException: 127.0.0.1:7055 failed to respond
	at org.apache.http.impl.conn.DefaultHttpResponseParser.parseHead(DefaultHttpResponseParser.java:143)
	at org.apache.http.impl.conn.DefaultHttpResponseParser.parseHead(DefaultHttpResponseParser.java:57)
	at org.apache.http.impl.io.AbstractMessageParser.parse(AbstractMessageParser.java:260)
	at org.apache.http.impl.DefaultBHttpClientConnection.receiveResponseHeader(DefaultBHttpClientConnection.java:161)
	at org.apache.http.impl.conn.CPoolProxy.receiveResponseHeader(CPoolProxy.java:153)
	at org.apache.http.protocol.HttpRequestExecutor.doReceiveResponse(HttpRequestExecutor.java:271)
	at org.apache.http.protocol.HttpRequestExecutor.execute(HttpRequestExecutor.java:123)
	at org.apache.http.impl.execchain.MainClientExec.execute(MainClientExec.java:254)
	at org.apache.http.impl.execchain.ProtocolExec.execute(ProtocolExec.java:195)
	at org.apache.http.impl.execchain.RetryExec.execute(RetryExec.java:86)
	at org.apache.http.impl.execchain.RedirectExec.execute(RedirectExec.java:108)
	at org.apache.http.impl.client.InternalHttpClient.doExecute(InternalHttpClient.java:184)
	at org.apache.http.impl.client.CloseableHttpClient.execute(CloseableHttpClient.java:72)
	at org.apache.http.impl.client.CloseableHttpClient.execute(CloseableHttpClient.java:57)
	at org.openqa.selenium.remote.internal.ApacheHttpClient.fallBackExecute(ApacheHttpClient.java:144)
	at org.openqa.selenium.remote.internal.ApacheHttpClient.execute(ApacheHttpClient.java:72)
	at org.openqa.selenium.remote.HttpCommandExecutor.execute(HttpCommandExecutor.java:133)
	at org.openqa.selenium.firefox.internal.NewProfileExtensionConnection.execute(NewProfileExtensionConnection.java:165)
	at org.openqa.selenium.firefox.FirefoxDriver$LazyCommandExecutor.execute(FirefoxDriver.java:362)
	at org.openqa.selenium.remote.RemoteWebDriver.execute(RemoteWebDriver.java:572)
	... 36 more
</failure>
  </testcase>
</testsuite>