<?xml version="1.0" encoding="UTF-8"?>
<testng-results skipped="0" failed="0" total="1" passed="1">
  <reporter-output>
  </reporter-output>
  <suite name="Default suite" duration-ms="35437" started-at="2016-07-20T04:50:54Z" finished-at="2016-07-20T04:51:29Z">
    <groups>
    </groups>
    <test name="Default test" duration-ms="35437" started-at="2016-07-20T04:50:54Z" finished-at="2016-07-20T04:51:29Z">
      <class name="com.mis.market.test.ItemCategoryTest">
        <test-method status="PASS" signature="setUp()[pri:0, instance:com.mis.market.test.ItemCategoryTest@108adb01]" name="setUp" is-config="true" duration-ms="4454" started-at="2016-07-20T12:50:54Z" finished-at="2016-07-20T12:50:58Z">
          <reporter-output>
          </reporter-output>
        </test-method> <!-- setUp -->
        <test-method status="PASS" signature="itemCategoryTest()[pri:0, instance:com.mis.market.test.ItemCategoryTest@108adb01]" name="itemCategoryTest" duration-ms="30731" started-at="2016-07-20T12:50:58Z" finished-at="2016-07-20T12:51:29Z">
          <reporter-output>
          </reporter-output>
        </test-method> <!-- itemCategoryTest -->
        <test-method status="PASS" signature="tearDown()[pri:0, instance:com.mis.market.test.ItemCategoryTest@108adb01]" name="tearDown" is-config="true" duration-ms="228" started-at="2016-07-20T12:51:29Z" finished-at="2016-07-20T12:51:29Z">
          <reporter-output>
          </reporter-output>
        </test-method> <!-- tearDown -->
      </class> <!-- com.mis.market.test.ItemCategoryTest -->
    </test> <!-- Default test -->
  </suite> <!-- Default suite -->
</testng-results>
