<?xml version="1.0" encoding="UTF-8"?>
<testng-results skipped="1" failed="0" total="1" passed="0">
  <reporter-output>
  </reporter-output>
  <suite name="Default suite" duration-ms="3948" started-at="2016-08-31T07:30:06Z" finished-at="2016-08-31T07:30:10Z">
    <groups>
    </groups>
    <test name="Default test" duration-ms="3948" started-at="2016-08-31T07:30:06Z" finished-at="2016-08-31T07:30:10Z">
      <class name="com.mis.market.test.ItemSkuTest">
        <test-method status="FAIL" signature="beforeMethod()[pri:0, instance:com.mis.market.test.ItemSkuTest@6786a44]" name="beforeMethod" is-config="true" duration-ms="0" started-at="2016-08-31T15:30:06Z" finished-at="2016-08-31T15:30:06Z">
          <exception class="java.lang.NoClassDefFoundError">
            <message>
              <![CDATA[Basic/Login]]>
            </message>
            <full-stacktrace>
              <![CDATA[java.lang.NoClassDefFoundError: Basic/Login
	at com.mis.market.test.ItemSkuTest.beforeMethod(ItemSkuTest.java:85)
	at sun.reflect.NativeMethodAccessorImpl.invoke0(Native Method)
	at sun.reflect.NativeMethodAccessorImpl.invoke(Unknown Source)
	at sun.reflect.DelegatingMethodAccessorImpl.invoke(Unknown Source)
	at java.lang.reflect.Method.invoke(Unknown Source)
	at org.testng.internal.MethodInvocationHelper.invokeMethod(MethodInvocationHelper.java:86)
	at org.testng.internal.Invoker.invokeConfigurationMethod(Invoker.java:514)
	at org.testng.internal.Invoker.invokeConfigurations(Invoker.java:215)
	at org.testng.internal.Invoker.invokeMethod(Invoker.java:589)
	at org.testng.internal.Invoker.invokeTestMethod(Invoker.java:820)
	at org.testng.internal.Invoker.invokeTestMethods(Invoker.java:1128)
	at org.testng.internal.TestMethodWorker.invokeTestMethods(TestMethodWorker.java:129)
	at org.testng.internal.TestMethodWorker.run(TestMethodWorker.java:112)
	at org.testng.TestRunner.privateRun(TestRunner.java:782)
	at org.testng.TestRunner.run(TestRunner.java:632)
	at org.testng.SuiteRunner.runTest(SuiteRunner.java:366)
	at org.testng.SuiteRunner.runSequentially(SuiteRunner.java:361)
	at org.testng.SuiteRunner.privateRun(SuiteRunner.java:319)
	at org.testng.SuiteRunner.run(SuiteRunner.java:268)
	at org.testng.SuiteRunnerWorker.runSuite(SuiteRunnerWorker.java:52)
	at org.testng.SuiteRunnerWorker.run(SuiteRunnerWorker.java:86)
	at org.testng.TestNG.runSuitesSequentially(TestNG.java:1244)
	at org.testng.TestNG.runSuitesLocally(TestNG.java:1169)
	at org.testng.TestNG.run(TestNG.java:1064)
	at org.testng.remote.AbstractRemoteTestNG.run(AbstractRemoteTestNG.java:126)
	at org.testng.remote.RemoteTestNG.initAndRun(RemoteTestNG.java:152)
	at org.testng.remote.RemoteTestNG.main(RemoteTestNG.java:57)
Caused by: java.lang.ClassNotFoundException: Basic.Login
	at java.net.URLClassLoader$1.run(Unknown Source)
	at java.net.URLClassLoader$1.run(Unknown Source)
	at java.security.AccessController.doPrivileged(Native Method)
	at java.net.URLClassLoader.findClass(Unknown Source)
	at java.lang.ClassLoader.loadClass(Unknown Source)
	at sun.misc.Launcher$AppClassLoader.loadClass(Unknown Source)
	at java.lang.ClassLoader.loadClass(Unknown Source)
	... 27 more
]]>
            </full-stacktrace>
          </exception> <!-- java.lang.NoClassDefFoundError -->
          <reporter-output>
          </reporter-output>
        </test-method> <!-- beforeMethod -->
        <test-method status="SKIP" signature="itemSkuTest()[pri:0, instance:com.mis.market.test.ItemSkuTest@6786a44]" name="itemSkuTest" duration-ms="4" started-at="2016-08-31T15:30:10Z" finished-at="2016-08-31T15:30:10Z">
          <reporter-output>
          </reporter-output>
        </test-method> <!-- itemSkuTest -->
        <test-method status="SKIP" signature="afterMethod()[pri:0, instance:com.mis.market.test.ItemSkuTest@6786a44]" name="afterMethod" is-config="true" duration-ms="0" started-at="2016-08-31T15:30:10Z" finished-at="2016-08-31T15:30:10Z">
          <reporter-output>
          </reporter-output>
        </test-method> <!-- afterMethod -->
      </class> <!-- com.mis.market.test.ItemSkuTest -->
    </test> <!-- Default test -->
  </suite> <!-- Default suite -->
</testng-results>
